# JRE version: OpenJDK Runtime Environment (11.0.13) (build 11.0.13+0-b1751.21-8125866)
# Java VM: OpenJDK 64-Bit Server VM (11.0.13+0-b1751.21-8125866, mixed mode, tiered, compressed oops, g1 gc, windows-amd64)
Heap:
 garbage-first heap   total 260096K, used 27930K [0x0000000080000000, 0x0000000100000000)
  region size 1024K, 11 young (11264K), 11 survivors (11264K)
 Metaspace       used 40544K, capacity 41473K, committed 41500K, reserved 1097728K
  class space    used 5125K, capacity 5493K, committed 5504K, reserved 1048576K
GC Heap History (8 events):
Event: 0.717 GC heap before
{Heap before GC invocations=0 (full 0):
 garbage-first heap   total 260096K, used 29696K [0x0000000080000000, 0x0000000100000000)
  region size 1024K, 24 young (24576K), 0 survivors (0K)
 Metaspace       used 10076K, capacity 10265K, committed 10368K, reserved 1058816K
  class space    used 1035K, capacity 1108K, committed 1152K, reserved 1048576K
}
Event: 0.721 GC heap after
{Heap after GC invocations=1 (full 0):
 garbage-first heap   total 260096K, used 9333K [0x0000000080000000, 0x0000000100000000)
  region size 1024K, 3 young (3072K), 3 survivors (3072K)
 Metaspace       used 10076K, capacity 10265K, committed 10368K, reserved 1058816K
  class space    used 1035K, capacity 1108K, committed 1152K, reserved 1048576K
}
Event: 2.648 GC heap before
{Heap before GC invocations=1 (full 0):
 garbage-first heap   total 260096K, used 114805K [0x0000000080000000, 0x0000000100000000)
  region size 1024K, 107 young (109568K), 3 survivors (3072K)
 Metaspace       used 20798K, capacity 21193K, committed 21296K, reserved 1069056K
  class space    used 2532K, capacity 2688K, committed 2688K, reserved 1048576K
}
Event: 2.663 GC heap after
{Heap after GC invocations=2 (full 0):
 garbage-first heap   total 260096K, used 17003K [0x0000000080000000, 0x0000000100000000)
  region size 1024K, 11 young (11264K), 11 survivors (11264K)
 Metaspace       used 20798K, capacity 21193K, committed 21296K, reserved 1069056K
  class space    used 2532K, capacity 2688K, committed 2688K, reserved 1048576K
}
Event: 3.153 GC heap before
{Heap before GC invocations=3 (full 0):
 garbage-first heap   total 260096K, used 53867K [0x0000000080000000, 0x0000000100000000)
  region size 1024K, 47 young (48128K), 11 survivors (11264K)
 Metaspace       used 24321K, capacity 24831K, committed 25088K, reserved 1071104K
  class space    used 3098K, capacity 3287K, committed 3328K, reserved 1048576K
}
Event: 3.159 GC heap after
{Heap after GC invocations=4 (full 0):
 garbage-first heap   total 260096K, used 18393K [0x0000000080000000, 0x0000000100000000)
  region size 1024K, 2 young (2048K), 2 survivors (2048K)
 Metaspace       used 24321K, capacity 24831K, committed 25088K, reserved 1071104K
  class space    used 3098K, capacity 3287K, committed 3328K, reserved 1048576K
}
Event: 4.376 GC heap before
{Heap before GC invocations=4 (full 0):
 garbage-first heap   total 260096K, used 100313K [0x0000000080000000, 0x0000000100000000)
  region size 1024K, 83 young (84992K), 2 survivors (2048K)
 Metaspace       used 35175K, capacity 35970K, committed 36048K, reserved 1081344K
  class space    used 4528K, capacity 4838K, committed 4864K, reserved 1048576K
}
Event: 4.384 GC heap after
{Heap after GC invocations=5 (full 0):
 garbage-first heap   total 260096K, used 22374K [0x0000000080000000, 0x0000000100000000)
  region size 1024K, 6 young (6144K), 6 survivors (6144K)
 Metaspace       used 35175K, capacity 35970K, committed 36048K, reserved 1081344K
  class space    used 4528K, capacity 4838K, committed 4864K, reserved 1048576K
}

